[debug] [2021-04-09T08:11:11.786Z] ----------------------------------------------------------------------
[debug] [2021-04-09T08:11:11.788Z] Command:       C:\Program Files\nodejs\node.exe C:\Users\Azhan\AppData\Roaming\npm\node_modules\firebase-tools\lib\bin\firebase.js init
[debug] [2021-04-09T08:11:11.788Z] CLI Version:   9.8.0
[debug] [2021-04-09T08:11:11.788Z] Platform:      win32
[debug] [2021-04-09T08:11:11.788Z] Node Version:  v14.15.0
[debug] [2021-04-09T08:11:11.789Z] Time:          Fri Apr 09 2021 13:41:11 GMT+0530 (India Standard Time)
[debug] [2021-04-09T08:11:11.789Z] ----------------------------------------------------------------------
[debug] 
[debug] [2021-04-09T08:11:11.794Z] > command requires scopes: ["email","openid","https://www.googleapis.com/auth/cloudplatformprojects.readonly","https://www.googleapis.com/auth/firebase","https://www.googleapis.com/auth/cloud-platform"]
[debug] [2021-04-09T08:11:11.794Z] > authorizing via signed-in user
[info] 
     ######## #### ########  ######## ########     ###     ######  ########
     ##        ##  ##     ## ##       ##     ##  ##   ##  ##       ##
     ######    ##  ########  ######   ########  #########  ######  ######
     ##        ##  ##    ##  ##       ##     ## ##     ##       ## ##
     ##       #### ##     ## ######## ########  ##     ##  ######  ########

You're about to initialize a Firebase project in this directory:

  D:\Projects\amazon-clone

[info] 
=== Project Setup
[info] 
[info] First, let's associate this project directory with a Firebase project.
[info] You can create multiple project aliases by running firebase use --add, 
[info] but for now we'll just set up a default project.
[info] 
[debug] [2021-04-09T08:11:19.343Z] >>> [apiv2][query] GET https://firebase.googleapis.com/v1beta1/projects pageSize=100
[debug] [2021-04-09T08:11:19.957Z] <<< [apiv2][status] GET https://firebase.googleapis.com/v1beta1/projects 200
[debug] [2021-04-09T08:11:19.958Z] <<< [apiv2][body] GET https://firebase.googleapis.com/v1beta1/projects [omitted]
[info] i  Using project clone-22236 (amazon-clone) 
[info] 
=== Hosting Setup
[info] 
[info] Your public directory is the folder (relative to your project directory) that
[info] will contain Hosting assets to be uploaded with firebase deploy. If you
[info] have a build process for your assets, use your build's output directory.
[info] 
